<?xml version="1.0" encoding="UTF-8" ?>
<testsuite failures="0" time="0.077" errors="1" skipped="0" tests="3" name="midcontainers.local.LocalContainerTest">
  <properties>
[...]
</properties>
  <testcase time="0.012" classname="midcontainers.local.LocalContainerTest" name="check_definition_handling"/>
  <testcase time="0.011" classname="midcontainers.local.LocalContainerTest" name="check_bindings"/>
  <testcase time="0.019" classname="midcontainers.local.LocalContainerTest" name="check_injection">
    <error message="Aucun constructeur trouvé pour satisfaire la demande midcontainers.components.EchoClient / midcontainers.components.SomeEchoClient" type="midcontainers.ContainerException">midcontainers.ContainerException: Aucun constructeur trouvé pour satisfaire la demande midcontainers.components.EchoClient / midcontainers.components.SomeEchoClient
	at midcontainers.local.LocalContainer.obtainReference(LocalContainer.java:70)
	at midcontainers.local.LocalContainer.obtainReference(LocalContainer.java:34)
	at midcontainers.local.LocalContainerTest.check_injection(LocalContainerTest.java:98)
	at sun.reflect.NativeMethodAccessorImpl.invoke0(Native Method)
	at sun.reflect.NativeMethodAccessorImpl.invoke(NativeMethodAccessorImpl.java:39)
	at sun.reflect.DelegatingMethodAccessorImpl.invoke(DelegatingMethodAccessorImpl.java:25)
	at java.lang.reflect.Method.invoke(Method.java:597)
	at org.junit.runners.model.FrameworkMethod$1.runReflectiveCall(FrameworkMethod.java:44)
	at org.junit.internal.runners.model.ReflectiveCallable.run(ReflectiveCallable.java:15)
	at org.junit.runners.model.FrameworkMethod.invokeExplosively(FrameworkMethod.java:41)
	at org.junit.internal.runners.statements.InvokeMethod.evaluate(InvokeMethod.java:20)
	at org.junit.runners.BlockJUnit4ClassRunner.runNotIgnored(BlockJUnit4ClassRunner.java:79)
	at org.junit.runners.BlockJUnit4ClassRunner.runChild(BlockJUnit4ClassRunner.java:71)
	at org.junit.runners.BlockJUnit4ClassRunner.runChild(BlockJUnit4ClassRunner.java:49)
	at org.junit.runners.ParentRunner$3.run(ParentRunner.java:193)
	at org.junit.runners.ParentRunner$1.schedule(ParentRunner.java:52)
	at org.junit.runners.ParentRunner.runChildren(ParentRunner.java:191)
	at org.junit.runners.ParentRunner.access$000(ParentRunner.java:42)
	at org.junit.runners.ParentRunner$2.evaluate(ParentRunner.java:184)
	at org.junit.runners.ParentRunner.run(ParentRunner.java:236)
	at org.apache.maven.surefire.junit4.JUnit4TestSet.execute(JUnit4TestSet.java:62)
	at org.apache.maven.surefire.suite.AbstractDirectoryTestSuite.executeTestSet(AbstractDirectoryTestSuite.java:140)
	at org.apache.maven.surefire.suite.AbstractDirectoryTestSuite.execute(AbstractDirectoryTestSuite.java:127)
	at org.apache.maven.surefire.Surefire.run(Surefire.java:177)
	at sun.reflect.NativeMethodAccessorImpl.invoke0(Native Method)
	at sun.reflect.NativeMethodAccessorImpl.invoke(NativeMethodAccessorImpl.java:39)
	at sun.reflect.DelegatingMethodAccessorImpl.invoke(DelegatingMethodAccessorImpl.java:25)
	at java.lang.reflect.Method.invoke(Method.java:597)
	at org.apache.maven.surefire.booter.SurefireBooter.runSuitesInProcess(SurefireBooter.java:345)
	at org.apache.maven.surefire.booter.SurefireBooter.main(SurefireBooter.java:1009)
</error>
    <system-out>Declare a component binding. 

Declare a component binding. 

Define a value. 

Define a value. 

Define a value. 

step -&gt; parameterTypes[0] : interface midcontainers.components.Echo
step -&gt; parameterTypes[0] : class java.lang.String
</system-out>
  </testcase>
</testsuite>